#
# A fatal error has been detected by the Java Runtime Environment:
#
#  Internal Error (javaCalls.cpp:51), pid=18624, tid=0x0000000000001e38
#  guarantee(thread->is_Java_thread()) failed: crucial check - the VM thread cannot and must not escape to Java code
#
# JRE version: Java(TM) SE Runtime Environment (8.0_161-b12) (build 1.8.0_161-b12)
# Java VM: Java HotSpot(TM) 64-Bit Server VM (25.161-b12 mixed mode windows-amd64 compressed oops)
# Failed to write core dump. Minidumps are not enabled by default on client versions of Windows
#
# If you would like to submit a bug report, please visit:
#   http://bugreport.java.com/bugreport/crash.jsp
#

---------------  T H R E A D  ---------------

Current thread (0x0000000016e38000):  VMThread [stack: 0x0000000017ed0000,0x0000000017fd0000] [id=7736]

Stack: [0x0000000017ed0000,0x0000000017fd0000]
[error occurred during error reporting (printing stack bounds), id 0xc0000005]

Native frames: (J=compiled Java code, j=interpreted, Vv=VM code, C=native code)

VM_Operation (0x0000000018a3f6e0): GetOrSetLocal, mode: safepoint, requested by thread 0x0000000016e75800


---------------  P R O C E S S  ---------------

Java Threads: ( => current thread )
  0x0000000018d85000 JavaThread "Service Thread" daemon [_thread_blocked, id=5584, stack(0x0000000019340000,0x0000000019440000)]
  0x0000000016ece000 JavaThread "C1 CompilerThread2" daemon [_thread_blocked, id=14080, stack(0x0000000019240000,0x0000000019340000)]
  0x0000000016ecd800 JavaThread "C2 CompilerThread1" daemon [_thread_blocked, id=7220, stack(0x0000000019140000,0x0000000019240000)]
  0x0000000016e97000 JavaThread "C2 CompilerThread0" daemon [_thread_blocked, id=4264, stack(0x0000000018c40000,0x0000000018d40000)]
  0x0000000016e89000 JavaThread "JDWP Command Reader" daemon [_thread_in_native, id=14028, stack(0x0000000018b40000,0x0000000018c40000)]
  0x0000000016e85800 JavaThread "JDWP Event Helper Thread" daemon [_thread_blocked, id=1396, stack(0x0000000018a40000,0x0000000018b40000)]
  0x0000000016e75800 JavaThread "JDWP Transport Listener: dt_socket" daemon [_thread_blocked, id=18144, stack(0x0000000018940000,0x0000000018a40000)]
  0x0000000016e6e000 JavaThread "Attach Listener" daemon [_thread_blocked, id=14656, stack(0x00000000184c0000,0x00000000185c0000)]
  0x0000000016e6c800 JavaThread "Signal Dispatcher" daemon [_thread_blocked, id=11192, stack(0x00000000183c0000,0x00000000184c0000)]
  0x0000000016e5a800 JavaThread "Finalizer" daemon [_thread_blocked, id=2080, stack(0x00000000180d0000,0x00000000181d0000)]
  0x0000000004881000 JavaThread "Reference Handler" daemon [_thread_blocked, id=10580, stack(0x0000000017fd0000,0x00000000180d0000)]
  0x0000000004792800 JavaThread "main" [_thread_blocked, id=9796, stack(0x0000000004690000,0x0000000004790000)]

Other Threads:
=>0x0000000016e38000 VMThread [stack: 0x0000000017ed0000,0x0000000017fd0000] [id=7736]
  0x0000000018d8d800 WatcherThread [stack: 0x0000000019440000,0x0000000019540000] [id=17228]

VM state:at safepoint (normal execution)

VM Mutex/Monitor currently owned by a thread:  ([mutex/lock_event])
[0x000000000453d7a0] Threads_lock - owner thread: 0x0000000016e38000

Heap:
 PSYoungGen      total 18944K, used 1976K [0x00000000eb380000, 0x00000000ec880000, 0x0000000100000000)
  eden space 16384K, 12% used [0x00000000eb380000,0x00000000eb56e0f8,0x00000000ec380000)
  from space 2560K, 0% used [0x00000000ec600000,0x00000000ec600000,0x00000000ec880000)
  to   space 2560K, 0% used [0x00000000ec380000,0x00000000ec380000,0x00000000ec600000)
 ParOldGen       total 44032K, used 0K [0x00000000c1a00000, 0x00000000c4500000, 0x00000000eb380000)
  object space 44032K, 0% used [0x00000000c1a00000,0x00000000c1a00000,0x00000000c4500000)
 Metaspace       used 3406K, capacity 4572K, committed 4864K, reserved 1056768K
  class space    used 393K, capacity 396K, committed 512K, reserved 1048576K

Card table byte_map: [0x0000000013c50000,0x0000000013e50000] byte_map_base: 0x0000000013643000

Marking Bits: (ParMarkBitMap*) 0x000000006643f860
 Begin Bits: [0x00000000143a0000, 0x0000000015338000)
 End Bits:   [0x0000000015338000, 0x00000000162d0000)

Polling page: 0x0000000002eb0000

CodeCache: size=245760Kb used=1225Kb max_used=1225Kb free=244534Kb
 bounds [0x0000000004890000, 0x0000000004b00000, 0x0000000013890000]
 total_blobs=321 nmethods=84 adapters=158
 compilation: enabled

Compilation events (10 events):
Event: 12.459 Thread 0x0000000016ece000   80       3       java.lang.String::startsWith (7 bytes)
Event: 12.459 Thread 0x0000000016ece000 nmethod 80 0x00000000049c1150 code [0x00000000049c12c0, 0x00000000049c14e8]
Event: 12.462 Thread 0x0000000016ece000   81       3       java.nio.Buffer::position (43 bytes)
Event: 12.462 Thread 0x0000000016ece000 nmethod 81 0x00000000049c1590 code [0x00000000049c1700, 0x00000000049c19e8]
Event: 12.462 Thread 0x0000000016ece000   82       3       java.nio.ByteBuffer::arrayOffset (35 bytes)
Event: 12.463 Thread 0x0000000016ece000 nmethod 82 0x00000000049c1ad0 code [0x00000000049c1c60, 0x00000000049c1f58]
Event: 12.463 Thread 0x0000000016ece000   83       3       java.util.Formatter$Flags::contains (22 bytes)
Event: 12.463 Thread 0x0000000016ece000 nmethod 83 0x00000000049c2090 code [0x00000000049c2200, 0x00000000049c2410]
Event: 12.463 Thread 0x0000000016ece000   84       3       java.util.regex.Pattern$BmpCharProperty::match (50 bytes)
Event: 12.463 Thread 0x0000000016ece000 nmethod 84 0x00000000049c24d0 code [0x00000000049c2660, 0x00000000049c2b28]

GC Heap History (0 events):
No events

Deoptimization events (0 events):
No events

Classes redefined (1 events):
Event: 803.844 Thread 0x0000000016e38000 redefined class name=MovieMaster, count=1

Internal exceptions (6 events):
Event: 0.060 Thread 0x0000000004792800 Exception <a 'java/lang/NoSuchMethodError': Method sun.misc.Unsafe.defineClass(Ljava/lang/String;[BII)Ljava/lang/Class; name or signature does not match> (0x00000000eb387ca0) thrown at [C:\re\workspace\8-2-build-windows-amd64-cygwin\jdk8u161\10277\hotspot
Event: 0.061 Thread 0x0000000004792800 Exception <a 'java/lang/NoSuchMethodError': Method sun.misc.Unsafe.prefetchRead(Ljava/lang/Object;J)V name or signature does not match> (0x00000000eb387f88) thrown at [C:\re\workspace\8-2-build-windows-amd64-cygwin\jdk8u161\10277\hotspot\src\share\vm\prim
Event: 0.439 Thread 0x0000000004792800 Exception <a 'java/security/PrivilegedActionException'> (0x00000000eb4e9320) thrown at [C:\re\workspace\8-2-build-windows-amd64-cygwin\jdk8u161\10277\hotspot\src\share\vm\prims\jvm.cpp, line 1390]
Event: 0.439 Thread 0x0000000004792800 Exception <a 'java/security/PrivilegedActionException'> (0x00000000eb4e9718) thrown at [C:\re\workspace\8-2-build-windows-amd64-cygwin\jdk8u161\10277\hotspot\src\share\vm\prims\jvm.cpp, line 1390]
Event: 0.440 Thread 0x0000000004792800 Exception <a 'java/security/PrivilegedActionException'> (0x00000000eb4ec320) thrown at [C:\re\workspace\8-2-build-windows-amd64-cygwin\jdk8u161\10277\hotspot\src\share\vm\prims\jvm.cpp, line 1390]
Event: 0.440 Thread 0x0000000004792800 Exception <a 'java/security/PrivilegedActionException'> (0x00000000eb4ec718) thrown at [C:\re\workspace\8-2-build-windows-amd64-cygwin\jdk8u161\10277\hotspot\src\share\vm\prims\jvm.cpp, line 1390]

Events (10 events):
Event: 804.425 Executing VM operation: GetOwnedMonitorInfo done
Event: 805.350 Executing VM operation: GetOwnedMonitorInfo
Event: 805.350 Executing VM operation: GetOwnedMonitorInfo done
Event: 805.350 Executing VM operation: GetCurrentContendedMonitor
Event: 805.350 Executing VM operation: GetCurrentContendedMonitor done
Event: 805.363 Executing VM operation: GetOwnedMonitorInfo
Event: 805.363 Executing VM operation: GetOwnedMonitorInfo done
Event: 805.364 Executing VM operation: GetCurrentContendedMonitor
Event: 805.364 Executing VM operation: GetCurrentContendedMonitor done
Event: 805.796 Executing VM operation: GetOrSetLocal


Dynamic libraries:
0x00007ff7bc1c0000 - 0x00007ff7bc1f7000 	C:\Users\drago\Downloads\Java\bin\javaw.exe
0x00007ff80dd60000 - 0x00007ff80df40000 	C:\WINDOWS\SYSTEM32\ntdll.dll
0x00007ff80bfe0000 - 0x00007ff80c08e000 	C:\WINDOWS\System32\KERNEL32.DLL
0x00007ff80a160000 - 0x00007ff80a3c6000 	C:\WINDOWS\System32\KERNELBASE.dll
0x00007ff80b2b0000 - 0x00007ff80b351000 	C:\WINDOWS\System32\ADVAPI32.dll
0x00007ff80bac0000 - 0x00007ff80bb5d000 	C:\WINDOWS\System32\msvcrt.dll
0x00007ff80b480000 - 0x00007ff80b4db000 	C:\WINDOWS\System32\sechost.dll
0x00007ff80bbf0000 - 0x00007ff80bd0f000 	C:\WINDOWS\System32\RPCRT4.dll
0x00007ff80b930000 - 0x00007ff80babf000 	C:\WINDOWS\System32\USER32.dll
0x00007ff80a890000 - 0x00007ff80a8b0000 	C:\WINDOWS\System32\win32u.dll
0x00007ff80be60000 - 0x00007ff80be88000 	C:\WINDOWS\System32\GDI32.dll
0x00007ff80a570000 - 0x00007ff80a703000 	C:\WINDOWS\System32\gdi32full.dll
0x00007ff80a3d0000 - 0x00007ff80a46b000 	C:\WINDOWS\System32\msvcp_win.dll
0x00007ff80a470000 - 0x00007ff80a566000 	C:\WINDOWS\System32\ucrtbase.dll
0x00007fffff9c0000 - 0x00007fffffc29000 	C:\WINDOWS\WinSxS\amd64_microsoft.windows.common-controls_6595b64144ccf1df_6.0.16299.371_none_15c7d1789365a290\COMCTL32.dll
0x00007ff80c200000 - 0x00007ff80c508000 	C:\WINDOWS\System32\combase.dll
0x00007ff80a710000 - 0x00007ff80a782000 	C:\WINDOWS\System32\bcryptPrimitives.dll
0x00007ff80bb60000 - 0x00007ff80bb8d000 	C:\WINDOWS\System32\IMM32.DLL
0x0000000066590000 - 0x0000000066662000 	C:\Users\drago\Downloads\Java\bin\msvcr100.dll
0x0000000065c20000 - 0x00000000664bf000 	C:\Users\drago\Downloads\Java\bin\server\jvm.dll
0x00007ff80c510000 - 0x00007ff80c518000 	C:\WINDOWS\System32\PSAPI.DLL
0x00007ff807480000 - 0x00007ff8074a3000 	C:\WINDOWS\SYSTEM32\WINMM.dll
0x00007ffffac00000 - 0x00007ffffac09000 	C:\WINDOWS\SYSTEM32\WSOCK32.dll
0x00007ff80dcc0000 - 0x00007ff80dd2c000 	C:\WINDOWS\System32\WS2_32.dll
0x00007ff800780000 - 0x00007ff80078a000 	C:\WINDOWS\SYSTEM32\VERSION.dll
0x00007ff807450000 - 0x00007ff80747a000 	C:\WINDOWS\SYSTEM32\winmmbase.dll
0x00007ff80a840000 - 0x00007ff80a88a000 	C:\WINDOWS\System32\cfgmgr32.dll
0x0000000066a30000 - 0x0000000066a3f000 	C:\Users\drago\Downloads\Java\bin\verify.dll
0x0000000066a00000 - 0x0000000066a29000 	C:\Users\drago\Downloads\Java\bin\java.dll
0x0000000066550000 - 0x0000000066585000 	C:\Users\drago\Downloads\Java\bin\jdwp.dll
0x0000000066540000 - 0x0000000066548000 	C:\Users\drago\Downloads\Java\bin\npt.dll
0x0000000065c00000 - 0x0000000065c16000 	C:\Users\drago\Downloads\Java\bin\zip.dll
0x00007ff80c520000 - 0x00007ff80d956000 	C:\WINDOWS\System32\SHELL32.dll
0x00007ff80da70000 - 0x00007ff80db16000 	C:\WINDOWS\System32\shcore.dll
0x00007ff80aae0000 - 0x00007ff80b227000 	C:\WINDOWS\System32\windows.storage.dll
0x00007ff80b230000 - 0x00007ff80b281000 	C:\WINDOWS\System32\shlwapi.dll
0x00007ff80a0f0000 - 0x00007ff80a101000 	C:\WINDOWS\System32\kernel.appcore.dll
0x00007ff80a110000 - 0x00007ff80a15c000 	C:\WINDOWS\System32\powrprof.dll
0x00007ff80a0b0000 - 0x00007ff80a0cb000 	C:\WINDOWS\System32\profapi.dll
0x0000000066530000 - 0x0000000066539000 	C:\Users\drago\Downloads\Java\bin\dt_socket.dll
0x00007ffff3260000 - 0x00007ffff3276000 	C:\WINDOWS\system32\napinsp.dll
0x00007ffff3220000 - 0x00007ffff323a000 	C:\WINDOWS\system32\pnrpnsp.dll
0x00007ff805c80000 - 0x00007ff805c98000 	C:\WINDOWS\system32\NLAapi.dll
0x00007ff8098e0000 - 0x00007ff809946000 	C:\WINDOWS\System32\mswsock.dll
0x00007ff8096b0000 - 0x00007ff809766000 	C:\WINDOWS\SYSTEM32\DNSAPI.dll
0x00007ff80d960000 - 0x00007ff80d968000 	C:\WINDOWS\System32\NSI.dll
0x00007ff809670000 - 0x00007ff8096a9000 	C:\WINDOWS\SYSTEM32\IPHLPAPI.DLL
0x00007ffff3210000 - 0x00007ffff321e000 	C:\WINDOWS\System32\winrnr.dll
0x00007fffe7990000 - 0x00007fffe79a5000 	C:\WINDOWS\System32\wshbth.dll
0x0000000068360000 - 0x0000000068386000 	C:\Program Files\Bonjour\mdnsNSP.dll
0x00007ff800710000 - 0x00007ff800780000 	C:\WINDOWS\System32\fwpuclnt.dll
0x00007ff809bb0000 - 0x00007ff809bd5000 	C:\WINDOWS\SYSTEM32\bcrypt.dll
0x00007ff800450000 - 0x00007ff80045a000 	C:\Windows\System32\rasadhlp.dll

VM Arguments:
jvm_args: -agentlib:jdwp=transport=dt_socket,suspend=y,address=localhost:52775 -Dfile.encoding=Cp1252 
java_command: Driver
java_class_path (initial): C:\Users\drago\Downloads\Java\lib\resources.jar;C:\Users\drago\Downloads\Java\lib\rt.jar;C:\Users\drago\Downloads\Java\lib\jsse.jar;C:\Users\drago\Downloads\Java\lib\jce.jar;C:\Users\drago\Downloads\Java\lib\charsets.jar;C:\Users\drago\Downloads\Java\lib\jfr.jar;C:\Users\drago\Downloads\Java\lib\ext\access-bridge-64.jar;C:\Users\drago\Downloads\Java\lib\ext\cldrdata.jar;C:\Users\drago\Downloads\Java\lib\ext\dnsns.jar;C:\Users\drago\Downloads\Java\lib\ext\jaccess.jar;C:\Users\drago\Downloads\Java\lib\ext\jfxrt.jar;C:\Users\drago\Downloads\Java\lib\ext\localedata.jar;C:\Users\drago\Downloads\Java\lib\ext\nashorn.jar;C:\Users\drago\Downloads\Java\lib\ext\sunec.jar;C:\Users\drago\Downloads\Java\lib\ext\sunjce_provider.jar;C:\Users\drago\Downloads\Java\lib\ext\sunmscapi.jar;C:\Users\drago\Downloads\Java\lib\ext\sunpkcs11.jar;C:\Users\drago\Downloads\Java\lib\ext\zipfs.jar;C:\Users\drago\Documents\University\Year 1\Semester1\ProgrammingTechniques\Eclipse\MovieMaster\bin
Launcher Type: SUN_STANDARD

Environment Variables:
PATH=C:/Users/drago/Downloads/Java/bin/server;C:/Users/drago/Downloads/Java/bin;C:/Users/drago/Downloads/Java/lib/amd64;C:\Program Files (x86)\Intel\iCLS Client\;C:\ProgramData\Oracle\Java\javapath;C:\Program Files\Intel\iCLS Client\;C:\WINDOWS\system32;C:\WINDOWS;C:\WINDOWS\System32\Wbem;C:\WINDOWS\System32\WindowsPowerShell\v1.0\;C:\Program Files (x86)\Skype\Phone\;C:\Program Files\Intel\WiFi\bin\;C:\Program Files\Common Files\Intel\WirelessCommon\;C:\Program Files (x86)\Intel\Intel(R) Management Engine Components\DAL;C:\Program Files\Intel\Intel(R) Management Engine Components\DAL;C:\Program Files (x86)\Intel\Intel(R) Management Engine Components\IPT;C:\Program Files\Intel\Intel(R) Management Engine Components\IPT;C:\Users\drago\AppData\Local\Microsoft\WindowsApps;;C:\Users\drago\Desktop;
USERNAME=drago
OS=Windows_NT
PROCESSOR_IDENTIFIER=Intel64 Family 6 Model 78 Stepping 3, GenuineIntel



---------------  S Y S T E M  ---------------

OS: Windows 10.0 , 64 bit Build 16299 (10.0.16299.15)

CPU:total 4 (initial active 4) (2 cores per cpu, 2 threads per core) family 6 model 78 stepping 3, cmov, cx8, fxsr, mmx, sse, sse2, sse3, ssse3, sse4.1, sse4.2, popcnt, avx, avx2, aes, clmul, erms, 3dnowpref, lzcnt, ht, tsc, tscinvbit, bmi1, bmi2, adx

Memory: 4k page, physical 4082592k(459796k free), swap 15253132k(2375956k free)

vm_info: Java HotSpot(TM) 64-Bit Server VM (25.161-b12) for windows-amd64 JRE (1.8.0_161-b12), built on Dec 19 2017 17:52:25 by "java_re" with MS VC++ 10.0 (VS2010)

time: Mon Apr 30 13:48:06 2018
elapsed time: 805 seconds (0d 0h 13m 25s)

